2023-11-05 16:42:42,621 - tensorflow - WARNING - From /home/clyong/.conda/envs/torch1.9/lib/python3.8/site-packages/tensorflow/python/compat/v2_compat.py:111: disable_resource_variables (from tensorflow.python.ops.variable_scope) is deprecated and will be removed in a future version.
Instructions for updating:
non-resource variables are not supported in the long term
2023-11-05 16:42:43,795 - tensorflow - WARNING - From /home/clyong/.conda/envs/torch1.9/lib/python3.8/site-packages/deepxde/nn/initializers.py:118: The name tf.keras.initializers.he_normal is deprecated. Please use tf.compat.v1.keras.initializers.he_normal instead.

2023-11-05 16:46:58,122 - tensorflow - WARNING - From /home/clyong/.conda/envs/torch1.9/lib/python3.8/site-packages/tensorflow/python/compat/v2_compat.py:111: disable_resource_variables (from tensorflow.python.ops.variable_scope) is deprecated and will be removed in a future version.
Instructions for updating:
non-resource variables are not supported in the long term
2023-11-05 16:46:59,342 - tensorflow - WARNING - From /home/clyong/.conda/envs/torch1.9/lib/python3.8/site-packages/deepxde/nn/initializers.py:118: The name tf.keras.initializers.he_normal is deprecated. Please use tf.compat.v1.keras.initializers.he_normal instead.

2023-11-05 16:48:25,497 - tensorflow - WARNING - From /home/clyong/.conda/envs/torch1.9/lib/python3.8/site-packages/tensorflow/python/compat/v2_compat.py:111: disable_resource_variables (from tensorflow.python.ops.variable_scope) is deprecated and will be removed in a future version.
Instructions for updating:
non-resource variables are not supported in the long term
2023-11-05 16:48:26,643 - tensorflow - WARNING - From /home/clyong/.conda/envs/torch1.9/lib/python3.8/site-packages/deepxde/nn/initializers.py:118: The name tf.keras.initializers.he_normal is deprecated. Please use tf.compat.v1.keras.initializers.he_normal instead.

2023-11-05 16:49:13,615 - tensorflow - WARNING - From /home/clyong/.conda/envs/torch1.9/lib/python3.8/site-packages/tensorflow/python/compat/v2_compat.py:111: disable_resource_variables (from tensorflow.python.ops.variable_scope) is deprecated and will be removed in a future version.
Instructions for updating:
non-resource variables are not supported in the long term
2023-11-05 16:49:14,736 - tensorflow - WARNING - From /home/clyong/.conda/envs/torch1.9/lib/python3.8/site-packages/deepxde/nn/initializers.py:118: The name tf.keras.initializers.he_normal is deprecated. Please use tf.compat.v1.keras.initializers.he_normal instead.

2023-11-05 16:49:16,156 - tensorflow - INFO - Restoring parameters from model/model.ckpt-12648.ckpt.data-00000-of-00001
2023-11-05 16:49:25,479 - tensorflow - WARNING - From /home/clyong/.conda/envs/torch1.9/lib/python3.8/site-packages/tensorflow/python/compat/v2_compat.py:111: disable_resource_variables (from tensorflow.python.ops.variable_scope) is deprecated and will be removed in a future version.
Instructions for updating:
non-resource variables are not supported in the long term
2023-11-05 16:49:26,676 - tensorflow - WARNING - From /home/clyong/.conda/envs/torch1.9/lib/python3.8/site-packages/deepxde/nn/initializers.py:118: The name tf.keras.initializers.he_normal is deprecated. Please use tf.compat.v1.keras.initializers.he_normal instead.

2023-11-05 16:49:28,237 - tensorflow - INFO - Restoring parameters from model/model.ckpt-12648.ckpt
2023-11-05 16:49:28,320 - pyswarms.single.global_best - INFO - Optimize for 100 iters with {'c1': 0.5, 'c2': 0.3, 'w': 0.9}
2023-11-05 16:49:29,378 - pyswarms.single.global_best - INFO - Optimization finished | best cost: -0.8946555852890015, best pos: [1.99878224]
2023-11-05 16:52:45,399 - tensorflow - WARNING - From /home/clyong/.conda/envs/torch1.9/lib/python3.8/site-packages/tensorflow/python/compat/v2_compat.py:111: disable_resource_variables (from tensorflow.python.ops.variable_scope) is deprecated and will be removed in a future version.
Instructions for updating:
non-resource variables are not supported in the long term
2023-11-05 16:52:46,515 - tensorflow - WARNING - From /home/clyong/.conda/envs/torch1.9/lib/python3.8/site-packages/deepxde/nn/initializers.py:118: The name tf.keras.initializers.he_normal is deprecated. Please use tf.compat.v1.keras.initializers.he_normal instead.

2023-11-05 16:52:47,905 - tensorflow - INFO - Restoring parameters from model/model.ckpt-12648.ckpt
2023-11-05 16:52:47,990 - pyswarms.single.global_best - INFO - Optimize for 100 iters with {'c1': 0.5, 'c2': 0.3, 'w': 0.9}
2023-11-05 16:52:49,066 - pyswarms.single.global_best - INFO - Optimization finished | best cost: -0.35311007499694824, best pos: [0.99972157]
2023-11-05 16:53:18,097 - tensorflow - WARNING - From /home/clyong/.conda/envs/torch1.9/lib/python3.8/site-packages/tensorflow/python/compat/v2_compat.py:111: disable_resource_variables (from tensorflow.python.ops.variable_scope) is deprecated and will be removed in a future version.
Instructions for updating:
non-resource variables are not supported in the long term
2023-11-05 16:53:19,240 - tensorflow - WARNING - From /home/clyong/.conda/envs/torch1.9/lib/python3.8/site-packages/deepxde/nn/initializers.py:118: The name tf.keras.initializers.he_normal is deprecated. Please use tf.compat.v1.keras.initializers.he_normal instead.

2023-11-05 16:53:20,716 - tensorflow - INFO - Restoring parameters from model/model.ckpt-12648.ckpt
2023-11-05 16:53:20,798 - pyswarms.single.global_best - INFO - Optimize for 1000 iters with {'c1': 0.5, 'c2': 0.3, 'w': 0.9}
2023-11-05 16:53:22,862 - pyswarms.single.global_best - INFO - Optimization finished | best cost: -0.8950232267379761, best pos: [1.99989047]
2023-11-05 16:54:02,971 - tensorflow - WARNING - From /home/clyong/.conda/envs/torch1.9/lib/python3.8/site-packages/tensorflow/python/compat/v2_compat.py:111: disable_resource_variables (from tensorflow.python.ops.variable_scope) is deprecated and will be removed in a future version.
Instructions for updating:
non-resource variables are not supported in the long term
2023-11-05 16:54:04,101 - tensorflow - WARNING - From /home/clyong/.conda/envs/torch1.9/lib/python3.8/site-packages/deepxde/nn/initializers.py:118: The name tf.keras.initializers.he_normal is deprecated. Please use tf.compat.v1.keras.initializers.he_normal instead.

2023-11-05 16:55:03,343 - tensorflow - WARNING - From /home/clyong/.conda/envs/torch1.9/lib/python3.8/site-packages/tensorflow/python/compat/v2_compat.py:111: disable_resource_variables (from tensorflow.python.ops.variable_scope) is deprecated and will be removed in a future version.
Instructions for updating:
non-resource variables are not supported in the long term
2023-11-05 16:55:04,497 - tensorflow - WARNING - From /home/clyong/.conda/envs/torch1.9/lib/python3.8/site-packages/deepxde/nn/initializers.py:118: The name tf.keras.initializers.he_normal is deprecated. Please use tf.compat.v1.keras.initializers.he_normal instead.

2023-11-05 16:55:06,079 - tensorflow - INFO - Restoring parameters from model/model.ckpt-12648.ckpt
2023-11-05 16:55:06,158 - pyswarms.single.global_best - INFO - Optimize for 100 iters with {'c1': 0.5, 'c2': 0.3, 'w': 0.9}
2023-11-05 16:55:07,175 - pyswarms.single.global_best - INFO - Optimization finished | best cost: -0.89464271068573, best pos: [1.99874564]
2023-11-05 16:55:12,510 - tensorflow - WARNING - From /home/clyong/.conda/envs/torch1.9/lib/python3.8/site-packages/tensorflow/python/compat/v2_compat.py:111: disable_resource_variables (from tensorflow.python.ops.variable_scope) is deprecated and will be removed in a future version.
Instructions for updating:
non-resource variables are not supported in the long term
2023-11-05 16:55:13,661 - tensorflow - WARNING - From /home/clyong/.conda/envs/torch1.9/lib/python3.8/site-packages/deepxde/nn/initializers.py:118: The name tf.keras.initializers.he_normal is deprecated. Please use tf.compat.v1.keras.initializers.he_normal instead.

2023-11-05 16:55:15,076 - tensorflow - INFO - Restoring parameters from model/model.ckpt-12648.ckpt
2023-11-05 16:55:15,151 - pyswarms.single.global_best - INFO - Optimize for 100 iters with {'c1': 0.5, 'c2': 0.3, 'w': 0.9}
2023-11-05 16:55:16,194 - pyswarms.single.global_best - INFO - Optimization finished | best cost: -0.10417473316192627, best pos: [0.29992858]
2023-11-05 17:00:00,996 - tensorflow - WARNING - From /home/clyong/.conda/envs/torch1.9/lib/python3.8/site-packages/tensorflow/python/compat/v2_compat.py:111: disable_resource_variables (from tensorflow.python.ops.variable_scope) is deprecated and will be removed in a future version.
Instructions for updating:
non-resource variables are not supported in the long term
2023-11-05 17:00:02,121 - tensorflow - WARNING - From /home/clyong/.conda/envs/torch1.9/lib/python3.8/site-packages/deepxde/nn/initializers.py:118: The name tf.keras.initializers.he_normal is deprecated. Please use tf.compat.v1.keras.initializers.he_normal instead.

2023-11-05 17:00:03,517 - tensorflow - INFO - Restoring parameters from model/model.ckpt-12648.ckpt
2023-11-05 17:00:03,591 - pyswarms.single.global_best - INFO - Optimize for 100 iters with {'c1': 0.5, 'c2': 0.3, 'w': 0.9}
2023-11-05 17:00:04,712 - pyswarms.single.global_best - INFO - Optimization finished | best cost: -0.8948537111282349, best pos: [1.99937967]
2023-11-05 17:00:21,213 - tensorflow - WARNING - From /home/clyong/.conda/envs/torch1.9/lib/python3.8/site-packages/tensorflow/python/compat/v2_compat.py:111: disable_resource_variables (from tensorflow.python.ops.variable_scope) is deprecated and will be removed in a future version.
Instructions for updating:
non-resource variables are not supported in the long term
2023-11-05 17:00:22,361 - tensorflow - WARNING - From /home/clyong/.conda/envs/torch1.9/lib/python3.8/site-packages/deepxde/nn/initializers.py:118: The name tf.keras.initializers.he_normal is deprecated. Please use tf.compat.v1.keras.initializers.he_normal instead.

2023-11-05 17:00:23,774 - tensorflow - INFO - Restoring parameters from model/model.ckpt-12648.ckpt
2023-11-05 17:00:23,856 - pyswarms.single.global_best - INFO - Optimize for 100 iters with {'c1': 0.5, 'c2': 0.3, 'w': 0.9}
2023-11-05 17:00:24,837 - pyswarms.single.global_best - INFO - Optimization finished | best cost: -0.10413575172424316, best pos: [0.29981811]
2023-11-05 17:00:32,895 - tensorflow - WARNING - From /home/clyong/.conda/envs/torch1.9/lib/python3.8/site-packages/tensorflow/python/compat/v2_compat.py:111: disable_resource_variables (from tensorflow.python.ops.variable_scope) is deprecated and will be removed in a future version.
Instructions for updating:
non-resource variables are not supported in the long term
2023-11-05 17:00:34,019 - tensorflow - WARNING - From /home/clyong/.conda/envs/torch1.9/lib/python3.8/site-packages/deepxde/nn/initializers.py:118: The name tf.keras.initializers.he_normal is deprecated. Please use tf.compat.v1.keras.initializers.he_normal instead.

2023-11-05 17:00:35,503 - tensorflow - INFO - Restoring parameters from model/model.ckpt-12648.ckpt
2023-11-05 17:00:35,579 - pyswarms.single.global_best - INFO - Optimize for 100 iters with {'c1': 0.5, 'c2': 0.3, 'w': 0.9}
2023-11-05 17:00:36,590 - pyswarms.single.global_best - INFO - Optimization finished | best cost: -0.10411739349365234, best pos: [0.29976636]
2023-11-05 17:00:44,749 - tensorflow - WARNING - From /home/clyong/.conda/envs/torch1.9/lib/python3.8/site-packages/tensorflow/python/compat/v2_compat.py:111: disable_resource_variables (from tensorflow.python.ops.variable_scope) is deprecated and will be removed in a future version.
Instructions for updating:
non-resource variables are not supported in the long term
2023-11-05 17:00:45,937 - tensorflow - WARNING - From /home/clyong/.conda/envs/torch1.9/lib/python3.8/site-packages/deepxde/nn/initializers.py:118: The name tf.keras.initializers.he_normal is deprecated. Please use tf.compat.v1.keras.initializers.he_normal instead.

2023-11-05 17:00:47,456 - tensorflow - INFO - Restoring parameters from model/model.ckpt-12648.ckpt
2023-11-05 17:00:47,539 - pyswarms.single.global_best - INFO - Optimize for 100 iters with {'c1': 0.5, 'c2': 0.3, 'w': 0.9}
2023-11-05 17:00:48,588 - pyswarms.single.global_best - INFO - Optimization finished | best cost: -0.10419702529907227, best pos: [0.29999098]
2023-11-05 17:06:31,863 - tensorflow - WARNING - From /home/clyong/.conda/envs/torch1.9/lib/python3.8/site-packages/tensorflow/python/compat/v2_compat.py:111: disable_resource_variables (from tensorflow.python.ops.variable_scope) is deprecated and will be removed in a future version.
Instructions for updating:
non-resource variables are not supported in the long term
2023-11-05 17:06:33,016 - tensorflow - WARNING - From /home/clyong/.conda/envs/torch1.9/lib/python3.8/site-packages/deepxde/nn/initializers.py:118: The name tf.keras.initializers.he_normal is deprecated. Please use tf.compat.v1.keras.initializers.he_normal instead.

2023-11-05 17:06:34,433 - tensorflow - INFO - Restoring parameters from model/model.ckpt-12648.ckpt
2023-11-05 17:06:34,511 - pyswarms.single.global_best - INFO - Optimize for 100 iters with {'c1': 0.5, 'c2': 0.3, 'w': 0.9}
2023-11-05 17:06:35,560 - pyswarms.single.global_best - INFO - Optimization finished | best cost: 7.62939453125e-05, best pos: [7.30161272e-05]
2023-11-05 17:06:46,248 - tensorflow - WARNING - From /home/clyong/.conda/envs/torch1.9/lib/python3.8/site-packages/tensorflow/python/compat/v2_compat.py:111: disable_resource_variables (from tensorflow.python.ops.variable_scope) is deprecated and will be removed in a future version.
Instructions for updating:
non-resource variables are not supported in the long term
2023-11-05 17:06:47,509 - tensorflow - WARNING - From /home/clyong/.conda/envs/torch1.9/lib/python3.8/site-packages/deepxde/nn/initializers.py:118: The name tf.keras.initializers.he_normal is deprecated. Please use tf.compat.v1.keras.initializers.he_normal instead.

2023-11-05 17:06:48,961 - tensorflow - INFO - Restoring parameters from model/model.ckpt-12648.ckpt
2023-11-05 17:06:49,030 - pyswarms.single.global_best - INFO - Optimize for 100 iters with {'c1': 0.5, 'c2': 0.3, 'w': 0.9}
2023-11-05 17:06:50,094 - pyswarms.single.global_best - INFO - Optimization finished | best cost: 0.35333651304244995, best pos: [1.00016351]
2023-11-05 17:06:59,397 - tensorflow - WARNING - From /home/clyong/.conda/envs/torch1.9/lib/python3.8/site-packages/tensorflow/python/compat/v2_compat.py:111: disable_resource_variables (from tensorflow.python.ops.variable_scope) is deprecated and will be removed in a future version.
Instructions for updating:
non-resource variables are not supported in the long term
2023-11-05 17:07:00,646 - tensorflow - WARNING - From /home/clyong/.conda/envs/torch1.9/lib/python3.8/site-packages/deepxde/nn/initializers.py:118: The name tf.keras.initializers.he_normal is deprecated. Please use tf.compat.v1.keras.initializers.he_normal instead.

2023-11-05 17:07:02,067 - tensorflow - INFO - Restoring parameters from model/model.ckpt-12648.ckpt
2023-11-05 17:07:02,144 - pyswarms.single.global_best - INFO - Optimize for 100 iters with {'c1': 0.5, 'c2': 0.3, 'w': 0.9}
2023-11-05 17:07:03,144 - pyswarms.single.global_best - INFO - Optimization finished | best cost: 0.3532670736312866, best pos: [1.00002828]
2023-11-05 17:07:16,127 - tensorflow - WARNING - From /home/clyong/.conda/envs/torch1.9/lib/python3.8/site-packages/tensorflow/python/compat/v2_compat.py:111: disable_resource_variables (from tensorflow.python.ops.variable_scope) is deprecated and will be removed in a future version.
Instructions for updating:
non-resource variables are not supported in the long term
2023-11-05 17:07:17,362 - tensorflow - WARNING - From /home/clyong/.conda/envs/torch1.9/lib/python3.8/site-packages/deepxde/nn/initializers.py:118: The name tf.keras.initializers.he_normal is deprecated. Please use tf.compat.v1.keras.initializers.he_normal instead.

2023-11-05 17:07:18,795 - tensorflow - INFO - Restoring parameters from model/model.ckpt-12648.ckpt
2023-11-05 17:07:18,869 - pyswarms.single.global_best - INFO - Optimize for 100 iters with {'c1': 0.5, 'c2': 0.3, 'w': 0.9}
2023-11-05 17:07:19,844 - pyswarms.single.global_best - INFO - Optimization finished | best cost: 0.018509507179260254, best pos: [0.06034752]
2023-11-05 17:07:35,161 - tensorflow - WARNING - From /home/clyong/.conda/envs/torch1.9/lib/python3.8/site-packages/tensorflow/python/compat/v2_compat.py:111: disable_resource_variables (from tensorflow.python.ops.variable_scope) is deprecated and will be removed in a future version.
Instructions for updating:
non-resource variables are not supported in the long term
2023-11-05 17:07:36,318 - tensorflow - WARNING - From /home/clyong/.conda/envs/torch1.9/lib/python3.8/site-packages/deepxde/nn/initializers.py:118: The name tf.keras.initializers.he_normal is deprecated. Please use tf.compat.v1.keras.initializers.he_normal instead.

2023-11-05 17:07:37,730 - tensorflow - INFO - Restoring parameters from model/model.ckpt-12648.ckpt
2023-11-05 17:07:37,809 - pyswarms.single.global_best - INFO - Optimize for 100 iters with {'c1': 0.5, 'c2': 0.3, 'w': 0.9}
2023-11-05 17:07:38,904 - pyswarms.single.global_best - INFO - Optimization finished | best cost: 0.06022024154663086, best pos: [0.18056274]
2023-11-05 17:30:52,054 - tensorflow - WARNING - From /home/clyong/.conda/envs/torch1.9/lib/python3.8/site-packages/tensorflow/python/compat/v2_compat.py:111: disable_resource_variables (from tensorflow.python.ops.variable_scope) is deprecated and will be removed in a future version.
Instructions for updating:
non-resource variables are not supported in the long term
2023-11-05 17:30:53,166 - tensorflow - WARNING - From /home/clyong/.conda/envs/torch1.9/lib/python3.8/site-packages/deepxde/nn/initializers.py:118: The name tf.keras.initializers.he_normal is deprecated. Please use tf.compat.v1.keras.initializers.he_normal instead.

2023-11-05 17:30:54,667 - tensorflow - INFO - Restoring parameters from model/model.ckpt-10014.ckpt
2023-11-05 17:30:54,747 - pyswarms.single.global_best - INFO - Optimize for 100 iters with {'c1': 0.5, 'c2': 0.3, 'w': 0.9}
2023-11-05 17:30:55,776 - pyswarms.single.global_best - INFO - Optimization finished | best cost: 0.050943776965141296, best pos: [0.1803295]
2023-11-06 11:39:59,609 - tensorflow - WARNING - From /home/clyong/.conda/envs/torch1.9/lib/python3.8/site-packages/tensorflow/python/compat/v2_compat.py:111: disable_resource_variables (from tensorflow.python.ops.variable_scope) is deprecated and will be removed in a future version.
Instructions for updating:
non-resource variables are not supported in the long term
2023-11-06 11:40:00,690 - tensorflow - WARNING - From /home/clyong/.conda/envs/torch1.9/lib/python3.8/site-packages/deepxde/nn/initializers.py:118: The name tf.keras.initializers.he_normal is deprecated. Please use tf.compat.v1.keras.initializers.he_normal instead.

2023-11-06 11:40:02,288 - tensorflow - INFO - Restoring parameters from model/model.ckpt-10014.ckpt
2023-11-06 11:40:02,366 - pyswarms.single.global_best - INFO - Optimize for 100 iters with {'c1': 0.5, 'c2': 0.3, 'w': 0.9}
2023-11-06 11:40:03,380 - pyswarms.single.global_best - INFO - Optimization finished | best cost: 0.051128894090652466, best pos: [0.18091093]
